[2019-05-23 22:56:41.800] [renderer1] [error] Error: Error: ENOENT: no such file or directory, stat '/home/karan/myApps/meeting-room/.vscode'
[2019-05-23 23:00:03.148] [renderer1] [error] TypeScript Server Error (3.4.5)
Cannot read property 'parent' of undefined
TypeError: Cannot read property 'parent' of undefined
    at Object.deleteDeclaration (tsserver.js:111420:56)
    at _loop_9 (tsserver.js:111039:47)
    at ChangeTracker.finishDeleteDeclarations (tsserver.js:111046:21)
    at ChangeTracker.getChanges (tsserver.js:111066:22)
    at Function.ChangeTracker.with (tsserver.js:110611:32)
    at Object.getCodeActions (tsserver.js:115222:68)
    at tsserver.js:111596:121
    at Object.flatMap (tsserver.js:571:25)
    at Object.getFixes (tsserver.js:111596:23)
    at tsserver.js:121245:35
    at Object.flatMap (tsserver.js:571:25)
    at Object.getCodeFixesAtPosition (tsserver.js:121243:23)
    at IOSession.Session.getCodeFixes (tsserver.js:130292:64)
    at Session.handlers.ts.createMapFromTemplate._a.(anonymous function) (tsserver.js:129048:61)
    at tsserver.js:130466:88
    at IOSession.Session.executeWithRequestId (tsserver.js:130457:28)
    at IOSession.Session.executeCommand (tsserver.js:130466:33)
    at IOSession.Session.onMessage (tsserver.js:130488:35)
    at Interface.<anonymous> (tsserver.js:131789:27)
    at Interface.emit (events.js:182:13)
    at Interface._onLine (readline.js:290:10)
    at Interface._normalWrite (readline.js:433:12)
    at Socket.ondata (readline.js:149:10)
    at Socket.emit (events.js:182:13)
    at addChunk (_stream_readable.js:279:12)
    at readableAddChunk (_stream_readable.js:264:11)
    at Socket.Readable.push (_stream_readable.js:219:10)
    at Pipe.onread (net.js:636:20): Error: TypeScript Server Error (3.4.5)
Cannot read property 'parent' of undefined
TypeError: Cannot read property 'parent' of undefined
    at Object.deleteDeclaration (tsserver.js:111420:56)
    at _loop_9 (tsserver.js:111039:47)
    at ChangeTracker.finishDeleteDeclarations (tsserver.js:111046:21)
    at ChangeTracker.getChanges (tsserver.js:111066:22)
    at Function.ChangeTracker.with (tsserver.js:110611:32)
    at Object.getCodeActions (tsserver.js:115222:68)
    at tsserver.js:111596:121
    at Object.flatMap (tsserver.js:571:25)
    at Object.getFixes (tsserver.js:111596:23)
    at tsserver.js:121245:35
    at Object.flatMap (tsserver.js:571:25)
    at Object.getCodeFixesAtPosition (tsserver.js:121243:23)
    at IOSession.Session.getCodeFixes (tsserver.js:130292:64)
    at Session.handlers.ts.createMapFromTemplate._a.(anonymous function) (tsserver.js:129048:61)
    at tsserver.js:130466:88
    at IOSession.Session.executeWithRequestId (tsserver.js:130457:28)
    at IOSession.Session.executeCommand (tsserver.js:130466:33)
    at IOSession.Session.onMessage (tsserver.js:130488:35)
    at Interface.<anonymous> (tsserver.js:131789:27)
    at Interface.emit (events.js:182:13)
    at Interface._onLine (readline.js:290:10)
    at Interface._normalWrite (readline.js:433:12)
    at Socket.ondata (readline.js:149:10)
    at Socket.emit (events.js:182:13)
    at addChunk (_stream_readable.js:279:12)
    at readableAddChunk (_stream_readable.js:264:11)
    at Socket.Readable.push (_stream_readable.js:219:10)
    at Pipe.onread (net.js:636:20)
	at Function.create (/usr/share/code/resources/app/extensions/typescript-language-features/dist/extension.js:1:176329)
	at v.dispatchResponse (/usr/share/code/resources/app/extensions/typescript-language-features/dist/extension.js:1:181697)
	at v.dispatchMessage (/usr/share/code/resources/app/extensions/typescript-language-features/dist/extension.js:1:180449)
	at constructor._reader.onData.e (/usr/share/code/resources/app/extensions/typescript-language-features/dist/extension.js:1:179805)
	at u.fire (/usr/share/code/resources/app/out/vs/workbench/services/extensions/node/extensionHostProcess.js:47:720)
	at t.Reader.onLengthData (/usr/share/code/resources/app/extensions/typescript-language-features/dist/extension.js:1:185678)
	at Socket.t.Reader.constructor.e.on.e (/usr/share/code/resources/app/extensions/typescript-language-features/dist/extension.js:1:185326)
	at Socket.emit (events.js:182:13)
	at addChunk (_stream_readable.js:279:12)
	at readableAddChunk (_stream_readable.js:264:11)
	at Socket.Readable.push (_stream_readable.js:219:10)
	at Pipe.onread (net.js:636:20)
[2019-05-23 23:13:11.159] [renderer1] [error] TypeScript Server Error (3.4.5)
Cannot read property 'parent' of undefined
TypeError: Cannot read property 'parent' of undefined
    at Object.deleteDeclaration (tsserver.js:111420:56)
    at _loop_9 (tsserver.js:111039:47)
    at ChangeTracker.finishDeleteDeclarations (tsserver.js:111046:21)
    at ChangeTracker.getChanges (tsserver.js:111066:22)
    at Function.ChangeTracker.with (tsserver.js:110611:32)
    at Object.getCodeActions (tsserver.js:115222:68)
    at tsserver.js:111596:121
    at Object.flatMap (tsserver.js:571:25)
    at Object.getFixes (tsserver.js:111596:23)
    at tsserver.js:121245:35
    at Object.flatMap (tsserver.js:571:25)
    at Object.getCodeFixesAtPosition (tsserver.js:121243:23)
    at IOSession.Session.getCodeFixes (tsserver.js:130292:64)
    at Session.handlers.ts.createMapFromTemplate._a.(anonymous function) (tsserver.js:129048:61)
    at tsserver.js:130466:88
    at IOSession.Session.executeWithRequestId (tsserver.js:130457:28)
    at IOSession.Session.executeCommand (tsserver.js:130466:33)
    at IOSession.Session.onMessage (tsserver.js:130488:35)
    at Interface.<anonymous> (tsserver.js:131789:27)
    at Interface.emit (events.js:182:13)
    at Interface._onLine (readline.js:290:10)
    at Interface._normalWrite (readline.js:433:12)
    at Socket.ondata (readline.js:149:10)
    at Socket.emit (events.js:182:13)
    at addChunk (_stream_readable.js:279:12)
    at readableAddChunk (_stream_readable.js:264:11)
    at Socket.Readable.push (_stream_readable.js:219:10)
    at Pipe.onread (net.js:636:20): Error: TypeScript Server Error (3.4.5)
Cannot read property 'parent' of undefined
TypeError: Cannot read property 'parent' of undefined
    at Object.deleteDeclaration (tsserver.js:111420:56)
    at _loop_9 (tsserver.js:111039:47)
    at ChangeTracker.finishDeleteDeclarations (tsserver.js:111046:21)
    at ChangeTracker.getChanges (tsserver.js:111066:22)
    at Function.ChangeTracker.with (tsserver.js:110611:32)
    at Object.getCodeActions (tsserver.js:115222:68)
    at tsserver.js:111596:121
    at Object.flatMap (tsserver.js:571:25)
    at Object.getFixes (tsserver.js:111596:23)
    at tsserver.js:121245:35
    at Object.flatMap (tsserver.js:571:25)
    at Object.getCodeFixesAtPosition (tsserver.js:121243:23)
    at IOSession.Session.getCodeFixes (tsserver.js:130292:64)
    at Session.handlers.ts.createMapFromTemplate._a.(anonymous function) (tsserver.js:129048:61)
    at tsserver.js:130466:88
    at IOSession.Session.executeWithRequestId (tsserver.js:130457:28)
    at IOSession.Session.executeCommand (tsserver.js:130466:33)
    at IOSession.Session.onMessage (tsserver.js:130488:35)
    at Interface.<anonymous> (tsserver.js:131789:27)
    at Interface.emit (events.js:182:13)
    at Interface._onLine (readline.js:290:10)
    at Interface._normalWrite (readline.js:433:12)
    at Socket.ondata (readline.js:149:10)
    at Socket.emit (events.js:182:13)
    at addChunk (_stream_readable.js:279:12)
    at readableAddChunk (_stream_readable.js:264:11)
    at Socket.Readable.push (_stream_readable.js:219:10)
    at Pipe.onread (net.js:636:20)
	at Function.create (/usr/share/code/resources/app/extensions/typescript-language-features/dist/extension.js:1:176329)
	at v.dispatchResponse (/usr/share/code/resources/app/extensions/typescript-language-features/dist/extension.js:1:181697)
	at v.dispatchMessage (/usr/share/code/resources/app/extensions/typescript-language-features/dist/extension.js:1:180449)
	at constructor._reader.onData.e (/usr/share/code/resources/app/extensions/typescript-language-features/dist/extension.js:1:179805)
	at u.fire (/usr/share/code/resources/app/out/vs/workbench/services/extensions/node/extensionHostProcess.js:47:720)
	at t.Reader.onLengthData (/usr/share/code/resources/app/extensions/typescript-language-features/dist/extension.js:1:185678)
	at Socket.t.Reader.constructor.e.on.e (/usr/share/code/resources/app/extensions/typescript-language-features/dist/extension.js:1:185326)
	at Socket.emit (events.js:182:13)
	at addChunk (_stream_readable.js:279:12)
	at readableAddChunk (_stream_readable.js:264:11)
	at Socket.Readable.push (_stream_readable.js:219:10)
	at Pipe.onread (net.js:636:20)
[2019-05-23 23:15:09.064] [renderer1] [error] Error: [File Watcher (chokidar)] Inotify limit reached (ENOSPC)
[2019-05-23 23:24:09.159] [renderer1] [error] TypeScript Server Error (3.4.5)
Debug Failure. False expression.
Error: Debug Failure. False expression.
    at doChange (tsserver.js:115452:22)
    at tsserver.js:115443:96
    at Function.ChangeTracker.with (tsserver.js:110610:17)
    at Object.getCodeActions (tsserver.js:115443:64)
    at tsserver.js:111596:121
    at Object.flatMap (tsserver.js:571:25)
    at Object.getFixes (tsserver.js:111596:23)
    at tsserver.js:121245:35
    at Object.flatMap (tsserver.js:571:25)
    at Object.getCodeFixesAtPosition (tsserver.js:121243:23)
    at IOSession.Session.getCodeFixes (tsserver.js:130292:64)
    at Session.handlers.ts.createMapFromTemplate._a.(anonymous function) (tsserver.js:129048:61)
    at tsserver.js:130466:88
    at IOSession.Session.executeWithRequestId (tsserver.js:130457:28)
    at IOSession.Session.executeCommand (tsserver.js:130466:33)
    at IOSession.Session.onMessage (tsserver.js:130488:35)
    at Interface.<anonymous> (tsserver.js:131789:27)
    at Interface.emit (events.js:182:13)
    at Interface._onLine (readline.js:290:10)
    at Interface._normalWrite (readline.js:433:12)
    at Socket.ondata (readline.js:149:10)
    at Socket.emit (events.js:182:13)
    at addChunk (_stream_readable.js:279:12)
    at readableAddChunk (_stream_readable.js:264:11)
    at Socket.Readable.push (_stream_readable.js:219:10)
    at Pipe.onread (net.js:636:20): Error: TypeScript Server Error (3.4.5)
Debug Failure. False expression.
Error: Debug Failure. False expression.
    at doChange (tsserver.js:115452:22)
    at tsserver.js:115443:96
    at Function.ChangeTracker.with (tsserver.js:110610:17)
    at Object.getCodeActions (tsserver.js:115443:64)
    at tsserver.js:111596:121
    at Object.flatMap (tsserver.js:571:25)
    at Object.getFixes (tsserver.js:111596:23)
    at tsserver.js:121245:35
    at Object.flatMap (tsserver.js:571:25)
    at Object.getCodeFixesAtPosition (tsserver.js:121243:23)
    at IOSession.Session.getCodeFixes (tsserver.js:130292:64)
    at Session.handlers.ts.createMapFromTemplate._a.(anonymous function) (tsserver.js:129048:61)
    at tsserver.js:130466:88
    at IOSession.Session.executeWithRequestId (tsserver.js:130457:28)
    at IOSession.Session.executeCommand (tsserver.js:130466:33)
    at IOSession.Session.onMessage (tsserver.js:130488:35)
    at Interface.<anonymous> (tsserver.js:131789:27)
    at Interface.emit (events.js:182:13)
    at Interface._onLine (readline.js:290:10)
    at Interface._normalWrite (readline.js:433:12)
    at Socket.ondata (readline.js:149:10)
    at Socket.emit (events.js:182:13)
    at addChunk (_stream_readable.js:279:12)
    at readableAddChunk (_stream_readable.js:264:11)
    at Socket.Readable.push (_stream_readable.js:219:10)
    at Pipe.onread (net.js:636:20)
	at Function.create (/usr/share/code/resources/app/extensions/typescript-language-features/dist/extension.js:1:176329)
	at v.dispatchResponse (/usr/share/code/resources/app/extensions/typescript-language-features/dist/extension.js:1:181697)
	at v.dispatchMessage (/usr/share/code/resources/app/extensions/typescript-language-features/dist/extension.js:1:180449)
	at constructor._reader.onData.e (/usr/share/code/resources/app/extensions/typescript-language-features/dist/extension.js:1:179805)
	at u.fire (/usr/share/code/resources/app/out/vs/workbench/services/extensions/node/extensionHostProcess.js:47:720)
	at t.Reader.onLengthData (/usr/share/code/resources/app/extensions/typescript-language-features/dist/extension.js:1:185678)
	at Socket.t.Reader.constructor.e.on.e (/usr/share/code/resources/app/extensions/typescript-language-features/dist/extension.js:1:185326)
	at Socket.emit (events.js:182:13)
	at addChunk (_stream_readable.js:279:12)
	at readableAddChunk (_stream_readable.js:264:11)
	at Socket.Readable.push (_stream_readable.js:219:10)
	at Pipe.onread (net.js:636:20)
[2019-05-23 23:53:44.647] [renderer1] [error] TypeScript Server Error (3.4.5)
Debug Failure. False expression.
Error: Debug Failure. False expression.
    at doChange (tsserver.js:115452:22)
    at tsserver.js:115443:96
    at Function.ChangeTracker.with (tsserver.js:110610:17)
    at Object.getCodeActions (tsserver.js:115443:64)
    at tsserver.js:111596:121
    at Object.flatMap (tsserver.js:571:25)
    at Object.getFixes (tsserver.js:111596:23)
    at tsserver.js:121245:35
    at Object.flatMap (tsserver.js:571:25)
    at Object.getCodeFixesAtPosition (tsserver.js:121243:23)
    at IOSession.Session.getCodeFixes (tsserver.js:130292:64)
    at Session.handlers.ts.createMapFromTemplate._a.(anonymous function) (tsserver.js:129048:61)
    at tsserver.js:130466:88
    at IOSession.Session.executeWithRequestId (tsserver.js:130457:28)
    at IOSession.Session.executeCommand (tsserver.js:130466:33)
    at IOSession.Session.onMessage (tsserver.js:130488:35)
    at Interface.<anonymous> (tsserver.js:131789:27)
    at Interface.emit (events.js:182:13)
    at Interface._onLine (readline.js:290:10)
    at Interface._normalWrite (readline.js:433:12)
    at Socket.ondata (readline.js:149:10)
    at Socket.emit (events.js:182:13)
    at addChunk (_stream_readable.js:279:12)
    at readableAddChunk (_stream_readable.js:264:11)
    at Socket.Readable.push (_stream_readable.js:219:10)
    at Pipe.onread (net.js:636:20): Error: TypeScript Server Error (3.4.5)
Debug Failure. False expression.
Error: Debug Failure. False expression.
    at doChange (tsserver.js:115452:22)
    at tsserver.js:115443:96
    at Function.ChangeTracker.with (tsserver.js:110610:17)
    at Object.getCodeActions (tsserver.js:115443:64)
    at tsserver.js:111596:121
    at Object.flatMap (tsserver.js:571:25)
    at Object.getFixes (tsserver.js:111596:23)
    at tsserver.js:121245:35
    at Object.flatMap (tsserver.js:571:25)
    at Object.getCodeFixesAtPosition (tsserver.js:121243:23)
    at IOSession.Session.getCodeFixes (tsserver.js:130292:64)
    at Session.handlers.ts.createMapFromTemplate._a.(anonymous function) (tsserver.js:129048:61)
    at tsserver.js:130466:88
    at IOSession.Session.executeWithRequestId (tsserver.js:130457:28)
    at IOSession.Session.executeCommand (tsserver.js:130466:33)
    at IOSession.Session.onMessage (tsserver.js:130488:35)
    at Interface.<anonymous> (tsserver.js:131789:27)
    at Interface.emit (events.js:182:13)
    at Interface._onLine (readline.js:290:10)
    at Interface._normalWrite (readline.js:433:12)
    at Socket.ondata (readline.js:149:10)
    at Socket.emit (events.js:182:13)
    at addChunk (_stream_readable.js:279:12)
    at readableAddChunk (_stream_readable.js:264:11)
    at Socket.Readable.push (_stream_readable.js:219:10)
    at Pipe.onread (net.js:636:20)
	at Function.create (/usr/share/code/resources/app/extensions/typescript-language-features/dist/extension.js:1:176329)
	at v.dispatchResponse (/usr/share/code/resources/app/extensions/typescript-language-features/dist/extension.js:1:181697)
	at v.dispatchMessage (/usr/share/code/resources/app/extensions/typescript-language-features/dist/extension.js:1:180449)
	at constructor._reader.onData.e (/usr/share/code/resources/app/extensions/typescript-language-features/dist/extension.js:1:179805)
	at u.fire (/usr/share/code/resources/app/out/vs/workbench/services/extensions/node/extensionHostProcess.js:47:720)
	at t.Reader.onLengthData (/usr/share/code/resources/app/extensions/typescript-language-features/dist/extension.js:1:185678)
	at Socket.t.Reader.constructor.e.on.e (/usr/share/code/resources/app/extensions/typescript-language-features/dist/extension.js:1:185326)
	at Socket.emit (events.js:182:13)
	at addChunk (_stream_readable.js:279:12)
	at readableAddChunk (_stream_readable.js:264:11)
	at Socket.Readable.push (_stream_readable.js:219:10)
	at Pipe.onread (net.js:636:20)
[2019-05-24 00:56:45.415] [renderer1] [error] TypeScript Server Error (3.4.5)
Debug Failure. Expected export symbol to have a parent
Error: Debug Failure. Expected export symbol to have a parent
    at Object.assertDefined (tsserver.js:1581:24)
    at getReferencedSymbolsForSymbol (tsserver.js:102035:94)
    at Object.getReferencedSymbolsForNode (tsserver.js:101853:34)
    at Object.getReferenceEntriesForNode (tsserver.js:101588:58)
    at getSemanticDocumentHighlights (tsserver.js:100402:57)
    at Object.getDocumentHighlights (tsserver.js:100390:20)
    at Object.getDocumentHighlights (tsserver.js:121035:42)
    at IOSession.Session.getDocumentHighlights (tsserver.js:129621:71)
    at Session.handlers.ts.createMapFromTemplate._a.(anonymous function) (tsserver.js:129028:61)
    at tsserver.js:130466:88
    at IOSession.Session.executeWithRequestId (tsserver.js:130457:28)
    at IOSession.Session.executeCommand (tsserver.js:130466:33)
    at IOSession.Session.onMessage (tsserver.js:130488:35)
    at Interface.<anonymous> (tsserver.js:131789:27)
    at Interface.emit (events.js:182:13)
    at Interface._onLine (readline.js:290:10)
    at Interface._normalWrite (readline.js:433:12)
    at Socket.ondata (readline.js:149:10)
    at Socket.emit (events.js:182:13)
    at addChunk (_stream_readable.js:279:12)
    at readableAddChunk (_stream_readable.js:264:11)
    at Socket.Readable.push (_stream_readable.js:219:10)
    at Pipe.onread (net.js:636:20): Error: TypeScript Server Error (3.4.5)
Debug Failure. Expected export symbol to have a parent
Error: Debug Failure. Expected export symbol to have a parent
    at Object.assertDefined (tsserver.js:1581:24)
    at getReferencedSymbolsForSymbol (tsserver.js:102035:94)
    at Object.getReferencedSymbolsForNode (tsserver.js:101853:34)
    at Object.getReferenceEntriesForNode (tsserver.js:101588:58)
    at getSemanticDocumentHighlights (tsserver.js:100402:57)
    at Object.getDocumentHighlights (tsserver.js:100390:20)
    at Object.getDocumentHighlights (tsserver.js:121035:42)
    at IOSession.Session.getDocumentHighlights (tsserver.js:129621:71)
    at Session.handlers.ts.createMapFromTemplate._a.(anonymous function) (tsserver.js:129028:61)
    at tsserver.js:130466:88
    at IOSession.Session.executeWithRequestId (tsserver.js:130457:28)
    at IOSession.Session.executeCommand (tsserver.js:130466:33)
    at IOSession.Session.onMessage (tsserver.js:130488:35)
    at Interface.<anonymous> (tsserver.js:131789:27)
    at Interface.emit (events.js:182:13)
    at Interface._onLine (readline.js:290:10)
    at Interface._normalWrite (readline.js:433:12)
    at Socket.ondata (readline.js:149:10)
    at Socket.emit (events.js:182:13)
    at addChunk (_stream_readable.js:279:12)
    at readableAddChunk (_stream_readable.js:264:11)
    at Socket.Readable.push (_stream_readable.js:219:10)
    at Pipe.onread (net.js:636:20)
	at Function.create (/usr/share/code/resources/app/extensions/typescript-language-features/dist/extension.js:1:176329)
	at v.dispatchResponse (/usr/share/code/resources/app/extensions/typescript-language-features/dist/extension.js:1:181697)
	at v.dispatchMessage (/usr/share/code/resources/app/extensions/typescript-language-features/dist/extension.js:1:180449)
	at constructor._reader.onData.e (/usr/share/code/resources/app/extensions/typescript-language-features/dist/extension.js:1:179805)
	at u.fire (/usr/share/code/resources/app/out/vs/workbench/services/extensions/node/extensionHostProcess.js:47:720)
	at t.Reader.onLengthData (/usr/share/code/resources/app/extensions/typescript-language-features/dist/extension.js:1:185678)
	at Socket.t.Reader.constructor.e.on.e (/usr/share/code/resources/app/extensions/typescript-language-features/dist/extension.js:1:185326)
	at Socket.emit (events.js:182:13)
	at addChunk (_stream_readable.js:279:12)
	at readableAddChunk (_stream_readable.js:264:11)
	at Socket.Readable.push (_stream_readable.js:219:10)
	at Pipe.onread (net.js:636:20)
[2019-05-24 01:53:04.321] [renderer1] [error] TypeScript Server Error (3.4.5)
Cannot read property 'emitNode' of undefined
TypeError: Cannot read property 'emitNode' of undefined
    at Object.getStartsOnNewLine (tsserver.js:63202:29)
    at shouldWriteSeparatingLineTerminator (tsserver.js:86516:27)
    at emitNodeList (tsserver.js:86301:29)
    at emitList (tsserver.js:86198:13)
    at Object.writeList (tsserver.js:83641:13)
    at tsserver.js:106759:29
    at Object.mapToDisplayParts (tsserver.js:96621:13)
    at itemInfoForParameters (tsserver.js:106756:41)
    at getSignatureHelpItem (tsserver.js:106722:95)
    at tsserver.js:106695:79
    at Array.map (<anonymous>)
    at createSignatureHelpItems (tsserver.js:106695:36)
    at tsserver.js:106300:23
    at Object.runWithCancellationToken (tsserver.js:31444:28)
    at Object.getSignatureHelpItems (tsserver.js:106298:32)
    at Object.getSignatureHelpItems (tsserver.js:121088:37)
    at IOSession.Session.getSignatureHelpItems (tsserver.js:130039:62)
    at Session.handlers.ts.createMapFromTemplate._a.(anonymous function) (tsserver.js:128945:61)
    at tsserver.js:130466:88
    at IOSession.Session.executeWithRequestId (tsserver.js:130457:28)
    at IOSession.Session.executeCommand (tsserver.js:130466:33)
    at IOSession.Session.onMessage (tsserver.js:130488:35)
    at Interface.<anonymous> (tsserver.js:131789:27)
    at Interface.emit (events.js:182:13)
    at Interface._onLine (readline.js:290:10)
    at Interface._normalWrite (readline.js:433:12)
    at Socket.ondata (readline.js:149:10)
    at Socket.emit (events.js:182:13)
    at addChunk (_stream_readable.js:279:12)
    at readableAddChunk (_stream_readable.js:264:11)
    at Socket.Readable.push (_stream_readable.js:219:10)
    at Pipe.onread (net.js:636:20): Error: TypeScript Server Error (3.4.5)
Cannot read property 'emitNode' of undefined
TypeError: Cannot read property 'emitNode' of undefined
    at Object.getStartsOnNewLine (tsserver.js:63202:29)
    at shouldWriteSeparatingLineTerminator (tsserver.js:86516:27)
    at emitNodeList (tsserver.js:86301:29)
    at emitList (tsserver.js:86198:13)
    at Object.writeList (tsserver.js:83641:13)
    at tsserver.js:106759:29
    at Object.mapToDisplayParts (tsserver.js:96621:13)
    at itemInfoForParameters (tsserver.js:106756:41)
    at getSignatureHelpItem (tsserver.js:106722:95)
    at tsserver.js:106695:79
    at Array.map (<anonymous>)
    at createSignatureHelpItems (tsserver.js:106695:36)
    at tsserver.js:106300:23
    at Object.runWithCancellationToken (tsserver.js:31444:28)
    at Object.getSignatureHelpItems (tsserver.js:106298:32)
    at Object.getSignatureHelpItems (tsserver.js:121088:37)
    at IOSession.Session.getSignatureHelpItems (tsserver.js:130039:62)
    at Session.handlers.ts.createMapFromTemplate._a.(anonymous function) (tsserver.js:128945:61)
    at tsserver.js:130466:88
    at IOSession.Session.executeWithRequestId (tsserver.js:130457:28)
    at IOSession.Session.executeCommand (tsserver.js:130466:33)
    at IOSession.Session.onMessage (tsserver.js:130488:35)
    at Interface.<anonymous> (tsserver.js:131789:27)
    at Interface.emit (events.js:182:13)
    at Interface._onLine (readline.js:290:10)
    at Interface._normalWrite (readline.js:433:12)
    at Socket.ondata (readline.js:149:10)
    at Socket.emit (events.js:182:13)
    at addChunk (_stream_readable.js:279:12)
    at readableAddChunk (_stream_readable.js:264:11)
    at Socket.Readable.push (_stream_readable.js:219:10)
    at Pipe.onread (net.js:636:20)
	at Function.create (/usr/share/code/resources/app/extensions/typescript-language-features/dist/extension.js:1:176329)
	at v.dispatchResponse (/usr/share/code/resources/app/extensions/typescript-language-features/dist/extension.js:1:181697)
	at v.dispatchMessage (/usr/share/code/resources/app/extensions/typescript-language-features/dist/extension.js:1:180449)
	at constructor._reader.onData.e (/usr/share/code/resources/app/extensions/typescript-language-features/dist/extension.js:1:179805)
	at u.fire (/usr/share/code/resources/app/out/vs/workbench/services/extensions/node/extensionHostProcess.js:47:720)
	at t.Reader.onLengthData (/usr/share/code/resources/app/extensions/typescript-language-features/dist/extension.js:1:185678)
	at Socket.t.Reader.constructor.e.on.e (/usr/share/code/resources/app/extensions/typescript-language-features/dist/extension.js:1:185326)
	at Socket.emit (events.js:182:13)
	at addChunk (_stream_readable.js:279:12)
	at readableAddChunk (_stream_readable.js:264:11)
	at Socket.Readable.push (_stream_readable.js:219:10)
	at Pipe.onread (net.js:636:20)
[2019-05-24 01:53:17.866] [renderer1] [error] TypeScript Server Error (3.4.5)
Cannot read property 'emitNode' of undefined
TypeError: Cannot read property 'emitNode' of undefined
    at Object.getStartsOnNewLine (tsserver.js:63202:29)
    at shouldWriteSeparatingLineTerminator (tsserver.js:86516:27)
    at emitNodeList (tsserver.js:86301:29)
    at emitList (tsserver.js:86198:13)
    at Object.writeList (tsserver.js:83641:13)
    at tsserver.js:106759:29
    at Object.mapToDisplayParts (tsserver.js:96621:13)
    at itemInfoForParameters (tsserver.js:106756:41)
    at getSignatureHelpItem (tsserver.js:106722:95)
    at tsserver.js:106695:79
    at Array.map (<anonymous>)
    at createSignatureHelpItems (tsserver.js:106695:36)
    at tsserver.js:106300:23
    at Object.runWithCancellationToken (tsserver.js:31444:28)
    at Object.getSignatureHelpItems (tsserver.js:106298:32)
    at Object.getSignatureHelpItems (tsserver.js:121088:37)
    at IOSession.Session.getSignatureHelpItems (tsserver.js:130039:62)
    at Session.handlers.ts.createMapFromTemplate._a.(anonymous function) (tsserver.js:128945:61)
    at tsserver.js:130466:88
    at IOSession.Session.executeWithRequestId (tsserver.js:130457:28)
    at IOSession.Session.executeCommand (tsserver.js:130466:33)
    at IOSession.Session.onMessage (tsserver.js:130488:35)
    at Interface.<anonymous> (tsserver.js:131789:27)
    at Interface.emit (events.js:182:13)
    at Interface._onLine (readline.js:290:10)
    at Interface._normalWrite (readline.js:433:12)
    at Socket.ondata (readline.js:149:10)
    at Socket.emit (events.js:182:13)
    at addChunk (_stream_readable.js:279:12)
    at readableAddChunk (_stream_readable.js:264:11)
    at Socket.Readable.push (_stream_readable.js:219:10)
    at Pipe.onread (net.js:636:20): Error: TypeScript Server Error (3.4.5)
Cannot read property 'emitNode' of undefined
TypeError: Cannot read property 'emitNode' of undefined
    at Object.getStartsOnNewLine (tsserver.js:63202:29)
    at shouldWriteSeparatingLineTerminator (tsserver.js:86516:27)
    at emitNodeList (tsserver.js:86301:29)
    at emitList (tsserver.js:86198:13)
    at Object.writeList (tsserver.js:83641:13)
    at tsserver.js:106759:29
    at Object.mapToDisplayParts (tsserver.js:96621:13)
    at itemInfoForParameters (tsserver.js:106756:41)
    at getSignatureHelpItem (tsserver.js:106722:95)
    at tsserver.js:106695:79
    at Array.map (<anonymous>)
    at createSignatureHelpItems (tsserver.js:106695:36)
    at tsserver.js:106300:23
    at Object.runWithCancellationToken (tsserver.js:31444:28)
    at Object.getSignatureHelpItems (tsserver.js:106298:32)
    at Object.getSignatureHelpItems (tsserver.js:121088:37)
    at IOSession.Session.getSignatureHelpItems (tsserver.js:130039:62)
    at Session.handlers.ts.createMapFromTemplate._a.(anonymous function) (tsserver.js:128945:61)
    at tsserver.js:130466:88
    at IOSession.Session.executeWithRequestId (tsserver.js:130457:28)
    at IOSession.Session.executeCommand (tsserver.js:130466:33)
    at IOSession.Session.onMessage (tsserver.js:130488:35)
    at Interface.<anonymous> (tsserver.js:131789:27)
    at Interface.emit (events.js:182:13)
    at Interface._onLine (readline.js:290:10)
    at Interface._normalWrite (readline.js:433:12)
    at Socket.ondata (readline.js:149:10)
    at Socket.emit (events.js:182:13)
    at addChunk (_stream_readable.js:279:12)
    at readableAddChunk (_stream_readable.js:264:11)
    at Socket.Readable.push (_stream_readable.js:219:10)
    at Pipe.onread (net.js:636:20)
	at Function.create (/usr/share/code/resources/app/extensions/typescript-language-features/dist/extension.js:1:176329)
	at v.dispatchResponse (/usr/share/code/resources/app/extensions/typescript-language-features/dist/extension.js:1:181697)
	at v.dispatchMessage (/usr/share/code/resources/app/extensions/typescript-language-features/dist/extension.js:1:180449)
	at constructor._reader.onData.e (/usr/share/code/resources/app/extensions/typescript-language-features/dist/extension.js:1:179805)
	at u.fire (/usr/share/code/resources/app/out/vs/workbench/services/extensions/node/extensionHostProcess.js:47:720)
	at t.Reader.onLengthData (/usr/share/code/resources/app/extensions/typescript-language-features/dist/extension.js:1:185678)
	at Socket.t.Reader.constructor.e.on.e (/usr/share/code/resources/app/extensions/typescript-language-features/dist/extension.js:1:185326)
	at Socket.emit (events.js:182:13)
	at addChunk (_stream_readable.js:279:12)
	at readableAddChunk (_stream_readable.js:264:11)
	at Socket.Readable.push (_stream_readable.js:219:10)
	at Pipe.onread (net.js:636:20)
[2019-05-24 09:05:34.525] [renderer1] [error] TypeScript Server Error (3.4.5)
Debug Failure. Did not expect JsxExpression to have an Identifier in its trivia
Error: Debug Failure. Did not expect JsxExpression to have an Identifier in its trivia
    at addSyntheticNodes (tsserver.js:119951:30)
    at createChildren (tsserver.js:119940:9)
    at NodeObject.getChildren (tsserver.js:119884:56)
    at getTokenAtPositionWorker (tsserver.js:95746:43)
    at Object.getTokenAtPosition (tsserver.js:95738:16)
    at getInfo (tsserver.js:116586:28)
    at Object.getAvailableActions (tsserver.js:116570:28)
    at tsserver.js:111645:128
    at getIterator (tsserver.js:625:23)
    at Object.flatMapIterator (tsserver.js:608:27)
    at Object.getApplicableRefactors (tsserver.js:111644:36)
    at Object.getApplicableRefactors (tsserver.js:121493:32)
    at IOSession.Session.getApplicableRefactors (tsserver.js:130242:53)
    at Session.handlers.ts.createMapFromTemplate._a.(anonymous function) (tsserver.js:129066:61)
    at tsserver.js:130466:88
    at IOSession.Session.executeWithRequestId (tsserver.js:130457:28)
    at IOSession.Session.executeCommand (tsserver.js:130466:33)
    at IOSession.Session.onMessage (tsserver.js:130488:35)
    at Interface.<anonymous> (tsserver.js:131789:27)
    at Interface.emit (events.js:182:13)
    at Interface._onLine (readline.js:290:10)
    at Interface._normalWrite (readline.js:433:12)
    at Socket.ondata (readline.js:149:10)
    at Socket.emit (events.js:182:13)
    at addChunk (_stream_readable.js:279:12)
    at readableAddChunk (_stream_readable.js:264:11)
    at Socket.Readable.push (_stream_readable.js:219:10)
    at Pipe.onread (net.js:636:20): Error: TypeScript Server Error (3.4.5)
Debug Failure. Did not expect JsxExpression to have an Identifier in its trivia
Error: Debug Failure. Did not expect JsxExpression to have an Identifier in its trivia
    at addSyntheticNodes (tsserver.js:119951:30)
    at createChildren (tsserver.js:119940:9)
    at NodeObject.getChildren (tsserver.js:119884:56)
    at getTokenAtPositionWorker (tsserver.js:95746:43)
    at Object.getTokenAtPosition (tsserver.js:95738:16)
    at getInfo (tsserver.js:116586:28)
    at Object.getAvailableActions (tsserver.js:116570:28)
    at tsserver.js:111645:128
    at getIterator (tsserver.js:625:23)
    at Object.flatMapIterator (tsserver.js:608:27)
    at Object.getApplicableRefactors (tsserver.js:111644:36)
    at Object.getApplicableRefactors (tsserver.js:121493:32)
    at IOSession.Session.getApplicableRefactors (tsserver.js:130242:53)
    at Session.handlers.ts.createMapFromTemplate._a.(anonymous function) (tsserver.js:129066:61)
    at tsserver.js:130466:88
    at IOSession.Session.executeWithRequestId (tsserver.js:130457:28)
    at IOSession.Session.executeCommand (tsserver.js:130466:33)
    at IOSession.Session.onMessage (tsserver.js:130488:35)
    at Interface.<anonymous> (tsserver.js:131789:27)
    at Interface.emit (events.js:182:13)
    at Interface._onLine (readline.js:290:10)
    at Interface._normalWrite (readline.js:433:12)
    at Socket.ondata (readline.js:149:10)
    at Socket.emit (events.js:182:13)
    at addChunk (_stream_readable.js:279:12)
    at readableAddChunk (_stream_readable.js:264:11)
    at Socket.Readable.push (_stream_readable.js:219:10)
    at Pipe.onread (net.js:636:20)
	at Function.create (/usr/share/code/resources/app/extensions/typescript-language-features/dist/extension.js:1:176329)
	at v.dispatchResponse (/usr/share/code/resources/app/extensions/typescript-language-features/dist/extension.js:1:181697)
	at v.dispatchMessage (/usr/share/code/resources/app/extensions/typescript-language-features/dist/extension.js:1:180449)
	at constructor._reader.onData.e (/usr/share/code/resources/app/extensions/typescript-language-features/dist/extension.js:1:179805)
	at u.fire (/usr/share/code/resources/app/out/vs/workbench/services/extensions/node/extensionHostProcess.js:47:720)
	at t.Reader.onLengthData (/usr/share/code/resources/app/extensions/typescript-language-features/dist/extension.js:1:185678)
	at Socket.t.Reader.constructor.e.on.e (/usr/share/code/resources/app/extensions/typescript-language-features/dist/extension.js:1:185326)
	at Socket.emit (events.js:182:13)
	at addChunk (_stream_readable.js:279:12)
	at readableAddChunk (_stream_readable.js:264:11)
	at Socket.Readable.push (_stream_readable.js:219:10)
	at Pipe.onread (net.js:636:20)
[2019-05-24 09:05:35.109] [renderer1] [error] TypeScript Server Error (3.4.5)
Debug Failure. Did not expect JsxExpression to have an Identifier in its trivia
Error: Debug Failure. Did not expect JsxExpression to have an Identifier in its trivia
    at addSyntheticNodes (tsserver.js:119951:30)
    at createChildren (tsserver.js:119940:9)
    at NodeObject.getChildren (tsserver.js:119884:56)
    at getTokenAtPositionWorker (tsserver.js:95746:43)
    at getTouchingToken (tsserver.js:95733:16)
    at Object.getTouchingPropertyName (tsserver.js:95725:16)
    at Object.getDocumentHighlights (tsserver.js:100380:27)
    at Object.getDocumentHighlights (tsserver.js:121035:42)
    at IOSession.Session.getDocumentHighlights (tsserver.js:129621:71)
    at Session.handlers.ts.createMapFromTemplate._a.(anonymous function) (tsserver.js:129028:61)
    at tsserver.js:130466:88
    at IOSession.Session.executeWithRequestId (tsserver.js:130457:28)
    at IOSession.Session.executeCommand (tsserver.js:130466:33)
    at IOSession.Session.onMessage (tsserver.js:130488:35)
    at Interface.<anonymous> (tsserver.js:131789:27)
    at Interface.emit (events.js:182:13)
    at Interface._onLine (readline.js:290:10)
    at Interface._normalWrite (readline.js:433:12)
    at Socket.ondata (readline.js:149:10)
    at Socket.emit (events.js:182:13)
    at addChunk (_stream_readable.js:279:12)
    at readableAddChunk (_stream_readable.js:264:11)
    at Socket.Readable.push (_stream_readable.js:219:10)
    at Pipe.onread (net.js:636:20): Error: TypeScript Server Error (3.4.5)
Debug Failure. Did not expect JsxExpression to have an Identifier in its trivia
Error: Debug Failure. Did not expect JsxExpression to have an Identifier in its trivia
    at addSyntheticNodes (tsserver.js:119951:30)
    at createChildren (tsserver.js:119940:9)
    at NodeObject.getChildren (tsserver.js:119884:56)
    at getTokenAtPositionWorker (tsserver.js:95746:43)
    at getTouchingToken (tsserver.js:95733:16)
    at Object.getTouchingPropertyName (tsserver.js:95725:16)
    at Object.getDocumentHighlights (tsserver.js:100380:27)
    at Object.getDocumentHighlights (tsserver.js:121035:42)
    at IOSession.Session.getDocumentHighlights (tsserver.js:129621:71)
    at Session.handlers.ts.createMapFromTemplate._a.(anonymous function) (tsserver.js:129028:61)
    at tsserver.js:130466:88
    at IOSession.Session.executeWithRequestId (tsserver.js:130457:28)
    at IOSession.Session.executeCommand (tsserver.js:130466:33)
    at IOSession.Session.onMessage (tsserver.js:130488:35)
    at Interface.<anonymous> (tsserver.js:131789:27)
    at Interface.emit (events.js:182:13)
    at Interface._onLine (readline.js:290:10)
    at Interface._normalWrite (readline.js:433:12)
    at Socket.ondata (readline.js:149:10)
    at Socket.emit (events.js:182:13)
    at addChunk (_stream_readable.js:279:12)
    at readableAddChunk (_stream_readable.js:264:11)
    at Socket.Readable.push (_stream_readable.js:219:10)
    at Pipe.onread (net.js:636:20)
	at Function.create (/usr/share/code/resources/app/extensions/typescript-language-features/dist/extension.js:1:176329)
	at v.dispatchResponse (/usr/share/code/resources/app/extensions/typescript-language-features/dist/extension.js:1:181697)
	at v.dispatchMessage (/usr/share/code/resources/app/extensions/typescript-language-features/dist/extension.js:1:180449)
	at constructor._reader.onData.e (/usr/share/code/resources/app/extensions/typescript-language-features/dist/extension.js:1:179805)
	at u.fire (/usr/share/code/resources/app/out/vs/workbench/services/extensions/node/extensionHostProcess.js:47:720)
	at t.Reader.onLengthData (/usr/share/code/resources/app/extensions/typescript-language-features/dist/extension.js:1:185678)
	at Socket.t.Reader.constructor.e.on.e (/usr/share/code/resources/app/extensions/typescript-language-features/dist/extension.js:1:185326)
	at Socket.emit (events.js:182:13)
	at addChunk (_stream_readable.js:279:12)
	at readableAddChunk (_stream_readable.js:264:11)
	at Socket.Readable.push (_stream_readable.js:219:10)
	at Pipe.onread (net.js:636:20)
[2019-05-24 09:05:41.758] [renderer1] [error] TypeScript Server Error (3.4.5)
Debug Failure. Did not expect JsxExpression to have an Identifier in its trivia
Error: Debug Failure. Did not expect JsxExpression to have an Identifier in its trivia
    at addSyntheticNodes (tsserver.js:119951:30)
    at createChildren (tsserver.js:119940:9)
    at NodeObject.getChildren (tsserver.js:119884:56)
    at getTokenAtPositionWorker (tsserver.js:95746:43)
    at getTouchingToken (tsserver.js:95733:16)
    at Object.getTouchingPropertyName (tsserver.js:95725:16)
    at Object.getDocumentHighlights (tsserver.js:100380:27)
    at Object.getDocumentHighlights (tsserver.js:121035:42)
    at IOSession.Session.getDocumentHighlights (tsserver.js:129621:71)
    at Session.handlers.ts.createMapFromTemplate._a.(anonymous function) (tsserver.js:129028:61)
    at tsserver.js:130466:88
    at IOSession.Session.executeWithRequestId (tsserver.js:130457:28)
    at IOSession.Session.executeCommand (tsserver.js:130466:33)
    at IOSession.Session.onMessage (tsserver.js:130488:35)
    at Interface.<anonymous> (tsserver.js:131789:27)
    at Interface.emit (events.js:182:13)
    at Interface._onLine (readline.js:290:10)
    at Interface._normalWrite (readline.js:433:12)
    at Socket.ondata (readline.js:149:10)
    at Socket.emit (events.js:182:13)
    at addChunk (_stream_readable.js:279:12)
    at readableAddChunk (_stream_readable.js:264:11)
    at Socket.Readable.push (_stream_readable.js:219:10)
    at Pipe.onread (net.js:636:20): Error: TypeScript Server Error (3.4.5)
Debug Failure. Did not expect JsxExpression to have an Identifier in its trivia
Error: Debug Failure. Did not expect JsxExpression to have an Identifier in its trivia
    at addSyntheticNodes (tsserver.js:119951:30)
    at createChildren (tsserver.js:119940:9)
    at NodeObject.getChildren (tsserver.js:119884:56)
    at getTokenAtPositionWorker (tsserver.js:95746:43)
    at getTouchingToken (tsserver.js:95733:16)
    at Object.getTouchingPropertyName (tsserver.js:95725:16)
    at Object.getDocumentHighlights (tsserver.js:100380:27)
    at Object.getDocumentHighlights (tsserver.js:121035:42)
    at IOSession.Session.getDocumentHighlights (tsserver.js:129621:71)
    at Session.handlers.ts.createMapFromTemplate._a.(anonymous function) (tsserver.js:129028:61)
    at tsserver.js:130466:88
    at IOSession.Session.executeWithRequestId (tsserver.js:130457:28)
    at IOSession.Session.executeCommand (tsserver.js:130466:33)
    at IOSession.Session.onMessage (tsserver.js:130488:35)
    at Interface.<anonymous> (tsserver.js:131789:27)
    at Interface.emit (events.js:182:13)
    at Interface._onLine (readline.js:290:10)
    at Interface._normalWrite (readline.js:433:12)
    at Socket.ondata (readline.js:149:10)
    at Socket.emit (events.js:182:13)
    at addChunk (_stream_readable.js:279:12)
    at readableAddChunk (_stream_readable.js:264:11)
    at Socket.Readable.push (_stream_readable.js:219:10)
    at Pipe.onread (net.js:636:20)
	at Function.create (/usr/share/code/resources/app/extensions/typescript-language-features/dist/extension.js:1:176329)
	at v.dispatchResponse (/usr/share/code/resources/app/extensions/typescript-language-features/dist/extension.js:1:181697)
	at v.dispatchMessage (/usr/share/code/resources/app/extensions/typescript-language-features/dist/extension.js:1:180449)
	at constructor._reader.onData.e (/usr/share/code/resources/app/extensions/typescript-language-features/dist/extension.js:1:179805)
	at u.fire (/usr/share/code/resources/app/out/vs/workbench/services/extensions/node/extensionHostProcess.js:47:720)
	at t.Reader.onLengthData (/usr/share/code/resources/app/extensions/typescript-language-features/dist/extension.js:1:185678)
	at Socket.t.Reader.constructor.e.on.e (/usr/share/code/resources/app/extensions/typescript-language-features/dist/extension.js:1:185326)
	at Socket.emit (events.js:182:13)
	at addChunk (_stream_readable.js:279:12)
	at readableAddChunk (_stream_readable.js:264:11)
	at Socket.Readable.push (_stream_readable.js:219:10)
	at Pipe.onread (net.js:636:20)
[2019-05-24 09:05:42.070] [renderer1] [error] TypeScript Server Error (3.4.5)
Debug Failure. Did not expect JsxExpression to have an Identifier in its trivia
Error: Debug Failure. Did not expect JsxExpression to have an Identifier in its trivia
    at addSyntheticNodes (tsserver.js:119951:30)
    at createChildren (tsserver.js:119940:9)
    at NodeObject.getChildren (tsserver.js:119884:56)
    at getTokenAtPositionWorker (tsserver.js:95746:43)
    at Object.getTokenAtPosition (tsserver.js:95738:16)
    at getInfo (tsserver.js:116586:28)
    at Object.getAvailableActions (tsserver.js:116570:28)
    at tsserver.js:111645:128
    at getIterator (tsserver.js:625:23)
    at Object.flatMapIterator (tsserver.js:608:27)
    at Object.getApplicableRefactors (tsserver.js:111644:36)
    at Object.getApplicableRefactors (tsserver.js:121493:32)
    at IOSession.Session.getApplicableRefactors (tsserver.js:130242:53)
    at Session.handlers.ts.createMapFromTemplate._a.(anonymous function) (tsserver.js:129066:61)
    at tsserver.js:130466:88
    at IOSession.Session.executeWithRequestId (tsserver.js:130457:28)
    at IOSession.Session.executeCommand (tsserver.js:130466:33)
    at IOSession.Session.onMessage (tsserver.js:130488:35)
    at Interface.<anonymous> (tsserver.js:131789:27)
    at Interface.emit (events.js:182:13)
    at Interface._onLine (readline.js:290:10)
    at Interface._normalWrite (readline.js:433:12)
    at Socket.ondata (readline.js:149:10)
    at Socket.emit (events.js:182:13)
    at addChunk (_stream_readable.js:279:12)
    at readableAddChunk (_stream_readable.js:264:11)
    at Socket.Readable.push (_stream_readable.js:219:10)
    at Pipe.onread (net.js:636:20): Error: TypeScript Server Error (3.4.5)
Debug Failure. Did not expect JsxExpression to have an Identifier in its trivia
Error: Debug Failure. Did not expect JsxExpression to have an Identifier in its trivia
    at addSyntheticNodes (tsserver.js:119951:30)
    at createChildren (tsserver.js:119940:9)
    at NodeObject.getChildren (tsserver.js:119884:56)
    at getTokenAtPositionWorker (tsserver.js:95746:43)
    at Object.getTokenAtPosition (tsserver.js:95738:16)
    at getInfo (tsserver.js:116586:28)
    at Object.getAvailableActions (tsserver.js:116570:28)
    at tsserver.js:111645:128
    at getIterator (tsserver.js:625:23)
    at Object.flatMapIterator (tsserver.js:608:27)
    at Object.getApplicableRefactors (tsserver.js:111644:36)
    at Object.getApplicableRefactors (tsserver.js:121493:32)
    at IOSession.Session.getApplicableRefactors (tsserver.js:130242:53)
    at Session.handlers.ts.createMapFromTemplate._a.(anonymous function) (tsserver.js:129066:61)
    at tsserver.js:130466:88
    at IOSession.Session.executeWithRequestId (tsserver.js:130457:28)
    at IOSession.Session.executeCommand (tsserver.js:130466:33)
    at IOSession.Session.onMessage (tsserver.js:130488:35)
    at Interface.<anonymous> (tsserver.js:131789:27)
    at Interface.emit (events.js:182:13)
    at Interface._onLine (readline.js:290:10)
    at Interface._normalWrite (readline.js:433:12)
    at Socket.ondata (readline.js:149:10)
    at Socket.emit (events.js:182:13)
    at addChunk (_stream_readable.js:279:12)
    at readableAddChunk (_stream_readable.js:264:11)
    at Socket.Readable.push (_stream_readable.js:219:10)
    at Pipe.onread (net.js:636:20)
	at Function.create (/usr/share/code/resources/app/extensions/typescript-language-features/dist/extension.js:1:176329)
	at v.dispatchResponse (/usr/share/code/resources/app/extensions/typescript-language-features/dist/extension.js:1:181697)
	at v.dispatchMessage (/usr/share/code/resources/app/extensions/typescript-language-features/dist/extension.js:1:180449)
	at constructor._reader.onData.e (/usr/share/code/resources/app/extensions/typescript-language-features/dist/extension.js:1:179805)
	at u.fire (/usr/share/code/resources/app/out/vs/workbench/services/extensions/node/extensionHostProcess.js:47:720)
	at t.Reader.onLengthData (/usr/share/code/resources/app/extensions/typescript-language-features/dist/extension.js:1:185678)
	at Socket.t.Reader.constructor.e.on.e (/usr/share/code/resources/app/extensions/typescript-language-features/dist/extension.js:1:185326)
	at Socket.emit (events.js:182:13)
	at addChunk (_stream_readable.js:279:12)
	at readableAddChunk (_stream_readable.js:264:11)
	at Socket.Readable.push (_stream_readable.js:219:10)
	at Pipe.onread (net.js:636:20)
